<?xml version="1.0" encoding="UTF-8"?>
<!-- Generated by org.testng.reporters.JUnitReportReporter -->
<testsuite skipped="0" hostname="LAPTOP-E9O4RST6" name="TestClass" tests="6" failures="0" timestamp="21 Apr 2021 05:32:30 GMT" time="0.000" errors="0">
  <testcase name="adding_Single_Number_itself" time="0.000" classname="TestClass"/>
  <testcase name="adding_Three_Numbers" time="0.000" classname="TestClass"/>
  <testcase name="adding_Two_Numbers_With_NewLine" time="0.000" classname="TestClass"/>
  <testcase name="adding_Two_Numbers_Separated_By_Comma" time="0.000" classname="TestClass"/>
  <testcase name="empty_String_ReturnZero" time="0.000" classname="TestClass"/>
  <testcase name="adding_Two_Numbers_StartWith_double_Slash" time="0.000" classname="TestClass"/>
</testsuite> <!-- TestClass -->
