<?xml version="1.0" encoding="UTF-8"?>
<!-- Generated by org.testng.reporters.JUnitReportReporter -->
<testsuite skipped="0" hostname="LAPTOP-E9O4RST6" name="TestClass" tests="12" failures="0" timestamp="21 Apr 2021 14:46:40 GMT" time="0.024" errors="0">
  <testcase name="multiple_delimiters_with_More_Than_One_length_" time="0.000" classname="TestClass"/>
  <testcase name="delimiters_of_any_length" time="0.000" classname="TestClass"/>
  <testcase name="adding_Two_Numbers_StartWith_double_Slash" time="0.000" classname="TestClass"/>
  <testcase name="multiple_delimiters_with_length_one" time="0.000" classname="TestClass"/>
  <testcase name="adding_Two_Numbers_With_Greater_Than_1000" time="0.016" classname="TestClass"/>
  <testcase name="negetive_Number_Input" time="0.000" classname="TestClass"/>
  <testcase name="adding_Two_Numbers_With_NewLine" time="0.000" classname="TestClass"/>
  <testcase name="adding_Three_Numbers" time="0.000" classname="TestClass"/>
  <testcase name="Multiple_negetive_Number_Input" time="0.005" classname="TestClass"/>
  <testcase name="adding_Two_Numbers_Separated_By_Comma" time="0.000" classname="TestClass"/>
  <testcase name="empty_String_ReturnZero" time="0.000" classname="TestClass"/>
  <testcase name="adding_Single_Number_itself" time="0.003" classname="TestClass"/>
</testsuite> <!-- TestClass -->
