<?xml version="1.0" encoding="UTF-8"?>
<!-- Generated by org.testng.reporters.JUnitReportReporter -->
<testsuite skipped="0" hostname="LAPTOP-E9O4RST6" name="TestClass" tests="2" failures="0" timestamp="21 Apr 2021 04:49:04 GMT" time="0.016" errors="0">
  <testcase name="adding_Single_Number_itself" time="0.000" classname="TestClass"/>
  <testcase name="empty_String_ReturnZero" time="0.016" classname="TestClass"/>
</testsuite> <!-- TestClass -->
